<?xml version="1.0" encoding="UTF-8"?>
<!-- Generated by org.testng.reporters.JUnitReportReporter -->
<testsuite skipped="0" hostname="WIN-J95NTU9GFTA" name="runner.Runners" tests="1" failures="0" timestamp="2020-12-11T16:06:52 CST" time="0.204" errors="0">
  <testcase name="runScenario" time="0.204" classname="runner.Runners"/>
  <system-out/>
</testsuite> <!-- runner.Runners -->
